Running BrowserMob Proxy using LittleProxy implementation. To revert to the legacy implementation, run the proxy with the command-line option '--use-littleproxy false'.
[INFO  2022-08-03T09:35:11,651 net.lightbody.bmp.proxy.Main] (main) Starting BrowserMob Proxy version 2.1.4 
[INFO  2022-08-03T09:35:11,743 org.eclipse.jetty.util.log] (main) jetty-7.x.y-SNAPSHOT 
[INFO  2022-08-03T09:35:12,021 org.eclipse.jetty.util.log] (main) started o.e.j.s.ServletContextHandler{/,null} 
[WARN  2022-08-03T09:35:12,683 org.eclipse.jetty.util.log] (main) FAILED SelectChannelConnector@0.0.0.0:8080: java.net.BindException: Address already in use: bind 
[WARN  2022-08-03T09:35:12,684 org.eclipse.jetty.util.log] (main) FAILED org.eclipse.jetty.server.Server@22c4bb7c: java.net.BindException: Address already in use: bind 
[ERROR 2022-08-03T09:35:12,685 net.lightbody.bmp.proxy.Main] (main) Failed to start Jetty server. Aborting. java.net.BindException: Address already in use: bind
	at sun.nio.ch.Net.bind0(Native Method) ~[?:1.7.0_80]
	at sun.nio.ch.Net.bind(Net.java:463) ~[?:1.7.0_80]
	at sun.nio.ch.Net.bind(Net.java:455) ~[?:1.7.0_80]
	at sun.nio.ch.ServerSocketChannelImpl.bind(ServerSocketChannelImpl.java:223) ~[?:1.7.0_80]
	at sun.nio.ch.ServerSocketAdaptor.bind(ServerSocketAdaptor.java:74) ~[?:1.7.0_80]
	at org.eclipse.jetty.server.nio.SelectChannelConnector.open(SelectChannelConnector.java:162) ~[browsermob-dist-2.1.4.jar:?]
	at org.eclipse.jetty.server.AbstractConnector.doStart(AbstractConnector.java:356) ~[browsermob-dist-2.1.4.jar:?]
	at org.eclipse.jetty.server.nio.SelectChannelConnector.doStart(SelectChannelConnector.java:240) ~[browsermob-dist-2.1.4.jar:?]
	at org.eclipse.jetty.util.component.AbstractLifeCycle.start(AbstractLifeCycle.java:55) ~[browsermob-dist-2.1.4.jar:?]
	at org.eclipse.jetty.server.Server.doStart(Server.java:269) ~[browsermob-dist-2.1.4.jar:?]
	at org.eclipse.jetty.util.component.AbstractLifeCycle.start(AbstractLifeCycle.java:55) ~[browsermob-dist-2.1.4.jar:?]
	at net.lightbody.bmp.proxy.Main.main(Main.java:64) [browsermob-dist-2.1.4.jar:?]

Exception in thread "main" net.lightbody.bmp.exception.JettyException: Unable to start Jetty server
	at net.lightbody.bmp.proxy.Main.main(Main.java:68)
Caused by: java.net.BindException: Address already in use: bind
	at sun.nio.ch.Net.bind0(Native Method)
	at sun.nio.ch.Net.bind(Net.java:463)
	at sun.nio.ch.Net.bind(Net.java:455)
	at sun.nio.ch.ServerSocketChannelImpl.bind(ServerSocketChannelImpl.java:223)
	at sun.nio.ch.ServerSocketAdaptor.bind(ServerSocketAdaptor.java:74)
	at org.eclipse.jetty.server.nio.SelectChannelConnector.open(SelectChannelConnector.java:162)
	at org.eclipse.jetty.server.AbstractConnector.doStart(AbstractConnector.java:356)
	at org.eclipse.jetty.server.nio.SelectChannelConnector.doStart(SelectChannelConnector.java:240)
	at org.eclipse.jetty.util.component.AbstractLifeCycle.start(AbstractLifeCycle.java:55)
	at org.eclipse.jetty.server.Server.doStart(Server.java:269)
	at org.eclipse.jetty.util.component.AbstractLifeCycle.start(AbstractLifeCycle.java:55)
	at net.lightbody.bmp.proxy.Main.main(Main.java:64)
